App Start | [CONFIG] Successfully Loaded
App Start | [DB] Sucessfully Connected...
App Start | [SERVER] Started on port  :3000
Info Log  | [HANDLER] [::1]:60814 requested GET to /items
Info Log  | [HANDLER] GET /items Request Processed Successfully
App Start | [CONFIG] Successfully Loaded
App Start | [DB] Sucessfully Connected...
App Start | [SERVER] Started on port  :3000
App Start | [CONFIG] Successfully Loaded
App Start | [DB] Sucessfully Connected...
App Start | [SERVER] Started on port  :3000
Info Log  | [HANDLER] [::1]:61155 requested GET to /makers
Info Log  | [HANDLER] [::1]:61154 requested GET to /items
Info Log  | [HANDLER] GET /makers Request Processed Successfully
Info Log  | [HANDLER] GET /items Request Processed Successfully
Info Log  | [HANDLER] [::1]:61164 requested OPTIONS to /items/34/update
Info Log  | [HANDLER] [::1]:61164 requested POST to /items/34/update
Debug Log | [HANDLER] Body Unmarshall Error: json: cannot unmarshal number into Go value of type string
Debug Log |  [DB] pq: column "id" of relation "items" does not exist
Info Log  | [HANDLER] POST /items/34/update Request Processed Successfully
App Start | [CONFIG] Successfully Loaded
App Start | [DB] Sucessfully Connected...
App Start | [SERVER] Started on port  :3000
Info Log  | [HANDLER] [::1]:62610 requested OPTIONS to /items/33/update
Info Log  | [HANDLER] [::1]:62610 requested POST to /items/33/update
Debug Log | [HANDLER] Body Unmarshall Error: json: cannot unmarshal number into Go value of type string
Debug Log |  [DB] pq: column "name" of relation "items" does not exist
Info Log  | [HANDLER] POST /items/33/update Request Processed Successfully
App Start | [CONFIG] Successfully Loaded
App Start | [DB] Sucessfully Connected...
App Start | [SERVER] Started on port  :3000
Info Log  | [HANDLER] [::1]:64451 requested GET to /makers
Info Log  | [HANDLER] [::1]:64450 requested GET to /items
Info Log  | [HANDLER] GET /makers Request Processed Successfully
Info Log  | [HANDLER] GET /items Request Processed Successfully
Info Log  | [HANDLER] [::1]:64450 requested OPTIONS to /items/33/update
Info Log  | [HANDLER] [::1]:64450 requested POST to /items/33/update
Debug Log | [HANDLER] Body Unmarshall Error: json: cannot unmarshal number into Go value of type string
Debug Log |  [DB] pq: column "id" of relation "items" does not exist
Info Log  | [HANDLER] POST /items/33/update Request Processed Successfully
App Start | [CONFIG] Successfully Loaded
App Start | [DB] Sucessfully Connected...
App Start | [SERVER] Started on port  :3000
Info Log  | [HANDLER] [::1]:65360 requested OPTIONS to /items/33/update
Info Log  | [HANDLER] [::1]:65360 requested POST to /items/33/update
Debug Log | [HANDLER] Body Unmarshall Error: json: cannot unmarshal number into Go value of type string
Debug Log |  [DB] pq: syntax error at or near "="
Info Log  | [HANDLER] POST /items/33/update Request Processed Successfully
App Start | [CONFIG] Successfully Loaded
App Start | [DB] Sucessfully Connected...
App Start | [SERVER] Started on port  :3000
Info Log  | [HANDLER] [::1]:49763 requested OPTIONS to /items/33/update
Info Log  | [HANDLER] [::1]:49763 requested POST to /items/33/update
Debug Log | [HANDLER] Body Unmarshall Error: json: cannot unmarshal number into Go value of type string
Debug Log |  [DB] pq: syntax error at or near "="
Info Log  | [HANDLER] POST /items/33/update Request Processed Successfully
App Start | [CONFIG] Successfully Loaded
App Start | [DB] Sucessfully Connected...
App Start | [SERVER] Started on port  :3000
Info Log  | [HANDLER] [::1]:50443 requested OPTIONS to /items/33/update
Info Log  | [HANDLER] [::1]:50443 requested POST to /items/33/update
Debug Log | [HANDLER] Body Unmarshall Error: json: cannot unmarshal number into Go value of type string
Debug Log |  [DB] pq: syntax error at or near ","
Info Log  | [HANDLER] POST /items/33/update Request Processed Successfully
App Start | [CONFIG] Successfully Loaded
App Start | [DB] Sucessfully Connected...
App Start | [SERVER] Started on port  :3000
Info Log  | [HANDLER] [::1]:51214 requested OPTIONS to /items/33/update
Info Log  | [HANDLER] [::1]:51214 requested POST to /items/33/update
Debug Log | [HANDLER] Body Unmarshall Error: json: cannot unmarshal number into Go value of type string
Debug Log |  [DB] pq: syntax error at or near ")"
Info Log  | [HANDLER] POST /items/33/update Request Processed Successfully
App Start | [CONFIG] Successfully Loaded
App Start | [DB] Sucessfully Connected...
App Start | [SERVER] Started on port  :3000
Info Log  | [HANDLER] [::1]:52637 requested OPTIONS to /items/33/update
Info Log  | [HANDLER] [::1]:52637 requested POST to /items/33/update
Debug Log | [HANDLER] Body Unmarshall Error: json: cannot unmarshal number into Go value of type string
Debug Log |  [DB] pq: syntax error at or near ")"
Info Log  | [HANDLER] POST /items/33/update Request Processed Successfully
App Start | [CONFIG] Successfully Loaded
App Start | [DB] Sucessfully Connected...
App Start | [SERVER] Started on port  :3000
Info Log  | [HANDLER] [::1]:53052 requested OPTIONS to /items/33/update
Info Log  | [HANDLER] [::1]:53052 requested POST to /items/33/update
Debug Log | [HANDLER] Body Unmarshall Error: json: cannot unmarshal number into Go value of type string
Info Log  | [HANDLER] POST /items/33/update Request Processed Successfully
App Start | [CONFIG] Successfully Loaded
App Start | [DB] Sucessfully Connected...
App Start | [SERVER] Started on port  :3000
Info Log  | [HANDLER] [::1]:55600 requested OPTIONS to /items/33/update
Info Log  | [HANDLER] [::1]:55600 requested POST to /items/33/update
Debug Log | [HANDLER] Body Unmarshall Error: json: cannot unmarshal number into Go value of type string
Debug Log |  [DB] pq: syntax error at or near ")"
Info Log  | [HANDLER] POST /items/33/update Request Processed Successfully
App Start | [CONFIG] Successfully Loaded
App Start | [DB] Sucessfully Connected...
App Start | [SERVER] Started on port  :3000
Info Log  | [HANDLER] [::1]:58642 requested OPTIONS to /items/33/update
Info Log  | [HANDLER] [::1]:58642 requested POST to /items/33/update
Debug Log | [HANDLER] Body Unmarshall Error: json: cannot unmarshal number into Go value of type string
Info Log  | [HANDLER] POST /items/33/update Request Processed Successfully
App Start | [CONFIG] Successfully Loaded
App Start | [DB] Sucessfully Connected...
App Start | [SERVER] Started on port  :3000
Info Log  | [HANDLER] [::1]:62658 requested OPTIONS to /items/33/update
Info Log  | [HANDLER] [::1]:62658 requested POST to /items/33/update
Info Log  | [HANDLER] POST /items/33/update Request Processed Successfully
App Start | [CONFIG] Successfully Loaded
App Start | [DB] Sucessfully Connected...
App Start | [SERVER] Started on port  :3000
App Start | [CONFIG] Successfully Loaded
App Start | [DB] Sucessfully Connected...
App Start | [SERVER] Started on port  :3000
App Start | [CONFIG] Successfully Loaded
App Start | [DB] Sucessfully Connected...
App Start | [SERVER] Started on port  :3000
App Start | [CONFIG] Successfully Loaded
App Start | [DB] Sucessfully Connected...
App Start | [SERVER] Started on port  :3000
Info Log  | [HANDLER] [::1]:49269 requested OPTIONS to /items/33/update
Info Log  | [HANDLER] [::1]:49269 requested POST to /items/33/update
Debug Log |  [DB] pq: column "item_nam" of relation "items" does not exist
App Start | [CONFIG] Successfully Loaded
App Start | [DB] Sucessfully Connected...
App Start | [SERVER] Started on port  :3000
App Start | [CONFIG] Successfully Loaded
App Start | [DB] Sucessfully Connected...
App Start | [SERVER] Started on port  :3000
Info Log  | [HANDLER] [::1]:50289 requested OPTIONS to /items/33/update
Info Log  | [HANDLER] [::1]:50289 requested POST to /items/33/update
Info Log  | [HANDLER] POST /items/33/update Request Processed Successfully
Info Log  | [HANDLER] [::1]:51277 requested GET to /makers
Info Log  | [HANDLER] [::1]:51276 requested GET to /items
Info Log  | [HANDLER] GET /makers Request Processed Successfully
Info Log  | [HANDLER] GET /items Request Processed Successfully
Info Log  |  [SERVER] Exited Properly
App Start | [CONFIG] Successfully Loaded
App Start | [DB] Sucessfully Connected...
App Start | [SERVER] Started on port  :3000
Info Log  | [HANDLER] [::1]:49663 requested GET to /makers
Info Log  | [HANDLER] [::1]:49662 requested GET to /items
Info Log  | [HANDLER] GET /makers Request Processed Successfully
Info Log  | [HANDLER] GET /items Request Processed Successfully
App Start | [CONFIG] Successfully Loaded
App Start | [DB] Sucessfully Connected...
App Start | [SERVER] Started on port  :3000
App Start | [CONFIG] Successfully Loaded
App Start | [DB] Sucessfully Connected...
App Start | [SERVER] Started on port  :3000
App Start | [CONFIG] Successfully Loaded
App Start | [DB] Sucessfully Connected...
App Start | [SERVER] Started on port  :3000
App Start | [CONFIG] Successfully Loaded
App Start | [DB] Sucessfully Connected...
App Start | [SERVER] Started on port  :3000
Info Log  | [HANDLER] [::1]:50074 requested GET to /makers
Info Log  | [HANDLER] [::1]:50073 requested GET to /items
Info Log  | [HANDLER] GET /makers Request Processed Successfully
Info Log  | [HANDLER] GET /items Request Processed Successfully
Info Log  | [HANDLER] [::1]:50236 requested GET to /items/5
Info Log  | [HANDLER] GET /items/5 Request Processed Successfully
Info Log  | [HANDLER] [::1]:50276 requested OPTIONS to /items
Info Log  | [HANDLER] [::1]:50276 requested POST to /items
Info Log  | [HANDLER] POST /items Request Processed Successfully
Info Log  | [HANDLER] [::1]:50276 requested GET to /items
Info Log  | [HANDLER] [::1]:50284 requested GET to /makers
Info Log  | [HANDLER] GET /items Request Processed Successfully
Info Log  | [HANDLER] GET /makers Request Processed Successfully
Info Log  | [HANDLER] [::1]:50318 requested POST to /items
Info Log  | [HANDLER] POST /items Request Processed Successfully
Info Log  | [HANDLER] [::1]:50385 requested POST to /items/35/delete
Info Log  | [HANDLER] POST /items/35/delete Request Processed Successfully
App Start | [CONFIG] Successfully Loaded
App Start | [DB] Sucessfully Connected...
App Start | [SERVER] Started on port  :3000
App Start | [CONFIG] Successfully Loaded
App Start | [DB] Sucessfully Connected...
App Start | [SERVER] Started on port  :3000
Info Log  | [HANDLER] [::1]:50676 requested GET to /items
Info Log  | [HANDLER] GET /items Request Processed Successfully
App Start | [CONFIG] Successfully Loaded
App Start | [DB] Sucessfully Connected...
App Start | [SERVER] Started on port  :3000
App Start | [CONFIG] Successfully Loaded
App Start | [DB] Sucessfully Connected...
App Start | [SERVER] Started on port  :3000
App Start | [CONFIG] Successfully Loaded
App Start | [DB] Sucessfully Connected...
App Start | [SERVER] Started on port  :3000
Info Log  |  [SERVER] Exited Properly
App Start | [CONFIG] Successfully Loaded
App Start | [DB] Sucessfully Connected...
App Start | [SERVER] Started on port  :3000
Info Log  | [HANDLER] [::1]:50359 requested GET to /Items
Info Log  | [HANDLER] [::1]:50359 requested GET to /Items
Info Log  | [HANDLER] [::1]:50359 requested GET to /Items
Info Log  | [HANDLER] [::1]:51132 requested GET to /Items
Info Log  | [HANDLER] [::1]:51382 requested GET to /items
Info Log  | [HANDLER] GET /items Request Processed Successfully
Info Log  | [HANDLER] [::1]:51535 requested GET to /Items
Info Log  | [HANDLER] [::1]:57142 requested GET to /Items
Info Log  | [HANDLER] [::1]:58441 requested GET to /Items
Info Log  | [HANDLER] [::1]:58782 requested GET to /Items
Info Log  | [HANDLER] [::1]:58909 requested GET to /items
Info Log  | [HANDLER] GET /items Request Processed Successfully
Info Log  | [HANDLER] [::1]:61537 requested GET to /items
Info Log  | [HANDLER] GET /items Request Processed Successfully
Info Log  | [HANDLER] [::1]:61537 requested GET to /items
Info Log  | [HANDLER] GET /items Request Processed Successfully
Info Log  | [HANDLER] [::1]:61537 requested GET to /items
Info Log  | [HANDLER] GET /items Request Processed Successfully
Info Log  | [HANDLER] [::1]:61537 requested GET to /items
Info Log  | [HANDLER] GET /items Request Processed Successfully
Info Log  | [HANDLER] [::1]:61537 requested GET to /items
Info Log  | [HANDLER] GET /items Request Processed Successfully
Info Log  | [HANDLER] [::1]:61537 requested GET to /items
Info Log  | [HANDLER] GET /items Request Processed Successfully
Info Log  | [HANDLER] [::1]:61537 requested GET to /items
Info Log  | [HANDLER] GET /items Request Processed Successfully
Info Log  | [HANDLER] [::1]:61537 requested GET to /items
Info Log  | [HANDLER] GET /items Request Processed Successfully
Info Log  | [HANDLER] [::1]:61537 requested GET to /items
Info Log  | [HANDLER] GET /items Request Processed Successfully
Info Log  | [HANDLER] [::1]:61537 requested GET to /items
Info Log  | [HANDLER] GET /items Request Processed Successfully
Info Log  | [HANDLER] [::1]:61537 requested GET to /items
Info Log  | [HANDLER] GET /items Request Processed Successfully
Info Log  | [HANDLER] [::1]:61537 requested GET to /items
Info Log  | [HANDLER] GET /items Request Processed Successfully
Info Log  | [HANDLER] [::1]:62331 requested GET to /items
Info Log  | [HANDLER] GET /items Request Processed Successfully
Info Log  | [HANDLER] [::1]:62331 requested GET to /items
Info Log  | [HANDLER] GET /items Request Processed Successfully
Info Log  | [HANDLER] [::1]:62331 requested GET to /items
Info Log  | [HANDLER] GET /items Request Processed Successfully
Info Log  | [HANDLER] [::1]:62884 requested GET to /items
Info Log  | [HANDLER] GET /items Request Processed Successfully
Info Log  | [HANDLER] [::1]:63233 requested GET to /items
Info Log  | [HANDLER] GET /items Request Processed Successfully
Info Log  | [HANDLER] [::1]:64111 requested GET to /items
Info Log  | [HANDLER] GET /items Request Processed Successfully
Info Log  | [HANDLER] [::1]:64491 requested GET to /items
Info Log  | [HANDLER] GET /items Request Processed Successfully
Info Log  | [HANDLER] [::1]:64794 requested GET to /items
Info Log  | [HANDLER] GET /items Request Processed Successfully
Info Log  | [HANDLER] [::1]:65118 requested GET to /items
Info Log  | [HANDLER] GET /items Request Processed Successfully
Info Log  | [HANDLER] [::1]:65344 requested GET to /items
Info Log  | [HANDLER] GET /items Request Processed Successfully
Info Log  | [HANDLER] [::1]:65489 requested GET to /items
Info Log  | [HANDLER] GET /items Request Processed Successfully
Info Log  | [HANDLER] [::1]:49791 requested GET to /items
Info Log  | [HANDLER] GET /items Request Processed Successfully
Info Log  | [HANDLER] [::1]:49791 requested GET to /items
Info Log  | [HANDLER] GET /items Request Processed Successfully
Info Log  | [HANDLER] [::1]:50007 requested GET to /items
Info Log  | [HANDLER] GET /items Request Processed Successfully
Info Log  | [HANDLER] [::1]:50007 requested GET to /items
Info Log  | [HANDLER] GET /items Request Processed Successfully
Info Log  | [HANDLER] [::1]:50007 requested GET to /items
Info Log  | [HANDLER] GET /items Request Processed Successfully
Info Log  | [HANDLER] [::1]:53318 requested GET to /items
Info Log  | [HANDLER] GET /items Request Processed Successfully
Info Log  | [HANDLER] [::1]:54251 requested GET to /items
Info Log  | [HANDLER] GET /items Request Processed Successfully
Info Log  | [HANDLER] [::1]:50283 requested GET to /items
Info Log  | [HANDLER] GET /items Request Processed Successfully
Info Log  | [HANDLER] [::1]:50643 requested GET to /items
Info Log  | [HANDLER] GET /items Request Processed Successfully
Info Log  | [HANDLER] [::1]:51726 requested GET to /items
Info Log  | [HANDLER] GET /items Request Processed Successfully
Info Log  | [HANDLER] [::1]:52033 requested GET to /items
Info Log  | [HANDLER] GET /items Request Processed Successfully
Info Log  | [HANDLER] [::1]:53441 requested GET to /items
Info Log  | [HANDLER] GET /items Request Processed Successfully
Info Log  | [HANDLER] [::1]:53845 requested GET to /items
Info Log  | [HANDLER] GET /items Request Processed Successfully
Info Log  | [HANDLER] [::1]:54165 requested GET to /items
Info Log  | [HANDLER] GET /items Request Processed Successfully
Info Log  | [HANDLER] [::1]:54436 requested GET to /items
Info Log  | [HANDLER] GET /items Request Processed Successfully
Info Log  | [HANDLER] [::1]:55999 requested GET to /items
Info Log  | [HANDLER] GET /items Request Processed Successfully
Info Log  | [HANDLER] [::1]:55999 requested GET to /items
Info Log  | [HANDLER] GET /items Request Processed Successfully
Info Log  | [HANDLER] [::1]:55999 requested GET to /items
Info Log  | [HANDLER] GET /items Request Processed Successfully
Info Log  | [HANDLER] [::1]:55999 requested GET to /items
Info Log  | [HANDLER] GET /items Request Processed Successfully
Info Log  | [HANDLER] [::1]:62125 requested GET to /items
Info Log  | [HANDLER] GET /items Request Processed Successfully
Info Log  | [HANDLER] [::1]:62125 requested GET to /items
Info Log  | [HANDLER] GET /items Request Processed Successfully
Info Log  | [HANDLER] [::1]:62125 requested GET to /items
Info Log  | [HANDLER] GET /items Request Processed Successfully
App Start | [CONFIG] Successfully Loaded
App Start | [DB] Sucessfully Connected...
App Start | [SERVER] Started on port  :3000
Info Log  | [HANDLER] [::1]:50067 requested GET to /items
Info Log  | [HANDLER] GET /items Request Processed Successfully
Info Log  | [HANDLER] [::1]:50067 requested GET to /items
Info Log  | [HANDLER] GET /items Request Processed Successfully
Info Log  | [HANDLER] [::1]:54484 requested GET to /items
Info Log  | [HANDLER] GET /items Request Processed Successfully
Info Log  | [HANDLER] [::1]:54971 requested GET to /items
Info Log  | [HANDLER] GET /items Request Processed Successfully
Info Log  | [HANDLER] [::1]:55315 requested GET to /items
Info Log  | [HANDLER] GET /items Request Processed Successfully
Info Log  | [HANDLER] [::1]:57509 requested GET to /items
Info Log  | [HANDLER] GET /items Request Processed Successfully
Info Log  | [HANDLER] [::1]:57866 requested GET to /items
Info Log  | [HANDLER] GET /items Request Processed Successfully
Info Log  | [HANDLER] [::1]:58078 requested GET to /items
Info Log  | [HANDLER] GET /items Request Processed Successfully
Info Log  | [HANDLER] [::1]:58484 requested GET to /items
Info Log  | [HANDLER] GET /items Request Processed Successfully
Info Log  | [HANDLER] [::1]:59400 requested GET to /items
Info Log  | [HANDLER] GET /items Request Processed Successfully
Info Log  | [HANDLER] [::1]:60065 requested GET to /items
Info Log  | [HANDLER] GET /items Request Processed Successfully
Info Log  | [HANDLER] [::1]:60204 requested GET to /items
Info Log  | [HANDLER] GET /items Request Processed Successfully
Info Log  | [HANDLER] [::1]:60608 requested GET to /items
Info Log  | [HANDLER] GET /items Request Processed Successfully
Info Log  | [HANDLER] [::1]:60922 requested GET to /items
Info Log  | [HANDLER] GET /items Request Processed Successfully
Info Log  | [HANDLER] [::1]:61211 requested GET to /items
Info Log  | [HANDLER] GET /items Request Processed Successfully
Info Log  | [HANDLER] [::1]:62264 requested GET to /items
Info Log  | [HANDLER] GET /items Request Processed Successfully
Info Log  | [HANDLER] [::1]:53009 requested GET to /items
Info Log  | [HANDLER] GET /items Request Processed Successfully
Info Log  | [HANDLER] [::1]:53547 requested GET to /items
Info Log  | [HANDLER] GET /items Request Processed Successfully
Info Log  | [HANDLER] [::1]:53726 requested GET to /items
Info Log  | [HANDLER] GET /items Request Processed Successfully
Info Log  | [HANDLER] [::1]:53726 requested GET to /items
Info Log  | [HANDLER] GET /items Request Processed Successfully
Info Log  | [HANDLER] [::1]:54318 requested GET to /items
Info Log  | [HANDLER] GET /items Request Processed Successfully
Info Log  | [HANDLER] [::1]:54569 requested GET to /items
Info Log  | [HANDLER] GET /items Request Processed Successfully
Info Log  | [HANDLER] [::1]:54705 requested GET to /items
Info Log  | [HANDLER] GET /items Request Processed Successfully
Info Log  | [HANDLER] [::1]:58632 requested GET to /items
Info Log  | [HANDLER] GET /items Request Processed Successfully
Info Log  | [HANDLER] [::1]:59521 requested GET to /items
Info Log  | [HANDLER] GET /items Request Processed Successfully
Info Log  | [HANDLER] [::1]:60238 requested GET to /items
Info Log  | [HANDLER] GET /items Request Processed Successfully
Info Log  | [HANDLER] [::1]:60998 requested GET to /items
Info Log  | [HANDLER] GET /items Request Processed Successfully
Info Log  | [HANDLER] [::1]:61430 requested GET to /items
Info Log  | [HANDLER] GET /items Request Processed Successfully
Info Log  | [HANDLER] [::1]:62061 requested GET to /items
Info Log  | [HANDLER] GET /items Request Processed Successfully
Info Log  | [HANDLER] [::1]:63221 requested GET to /items
Info Log  | [HANDLER] GET /items Request Processed Successfully
Info Log  | [HANDLER] [::1]:63744 requested GET to /items
Info Log  | [HANDLER] GET /items Request Processed Successfully
Info Log  | [HANDLER] [::1]:49553 requested GET to /items
Info Log  | [HANDLER] GET /items Request Processed Successfully
Info Log  | [HANDLER] [::1]:50279 requested GET to /items
Info Log  | [HANDLER] GET /items Request Processed Successfully
App Start | [CONFIG] Successfully Loaded
App Start | [DB] Sucessfully Connected...
App Start | [SERVER] Started on port  :3000
App Start | [CONFIG] Successfully Loaded
App Start | [DB] Sucessfully Connected...
App Start | [SERVER] Started on port  :3000
Info Log  |  [SERVER] Exited Properly
Info Log  | [HANDLER] [::1]:50800 requested GET to /items
Info Log  | [HANDLER] GET /items Request Processed Successfully
Info Log  | [HANDLER] [::1]:51251 requested GET to /items
Info Log  | [HANDLER] GET /items Request Processed Successfully
Info Log  | [HANDLER] [::1]:51646 requested GET to /items
Info Log  | [HANDLER] GET /items Request Processed Successfully
Info Log  | [HANDLER] [::1]:51904 requested GET to /items
Info Log  | [HANDLER] GET /items Request Processed Successfully
Info Log  | [HANDLER] [::1]:51904 requested GET to /items
Info Log  | [HANDLER] GET /items Request Processed Successfully
Info Log  | [HANDLER] [::1]:52950 requested GET to /items
Info Log  | [HANDLER] GET /items Request Processed Successfully
Info Log  | [HANDLER] [::1]:53319 requested GET to /items
Info Log  | [HANDLER] GET /items Request Processed Successfully
Info Log  | [HANDLER] [::1]:55696 requested GET to /items
Info Log  | [HANDLER] GET /items Request Processed Successfully
Info Log  | [HANDLER] [::1]:57079 requested GET to /items
Info Log  | [HANDLER] GET /items Request Processed Successfully
Info Log  | [HANDLER] [::1]:57863 requested GET to /items
Info Log  | [HANDLER] GET /items Request Processed Successfully
Info Log  | [HANDLER] [::1]:58142 requested GET to /items
Info Log  | [HANDLER] GET /items Request Processed Successfully
Info Log  | [HANDLER] [::1]:52892 requested GET to /items
Info Log  | [HANDLER] GET /items Request Processed Successfully
Info Log  | [HANDLER] [::1]:58460 requested GET to /items
Info Log  | [HANDLER] GET /items Request Processed Successfully
Info Log  | [HANDLER] [::1]:50030 requested GET to /items
Info Log  | [HANDLER] GET /items Request Processed Successfully
Info Log  | [HANDLER] [::1]:50490 requested GET to /items
Info Log  | [HANDLER] GET /items Request Processed Successfully
Info Log  | [HANDLER] [::1]:58298 requested GET to /items
Info Log  | [HANDLER] GET /items Request Processed Successfully
Info Log  | [HANDLER] [::1]:60543 requested GET to /items
Info Log  | [HANDLER] GET /items Request Processed Successfully
Info Log  | [HANDLER] [::1]:60775 requested GET to /items
Info Log  | [HANDLER] GET /items Request Processed Successfully
Info Log  | [HANDLER] [::1]:62153 requested GET to /items
Info Log  | [HANDLER] GET /items Request Processed Successfully
Info Log  | [HANDLER] [::1]:62641 requested GET to /items
Info Log  | [HANDLER] GET /items Request Processed Successfully
Info Log  | [HANDLER] [::1]:63104 requested GET to /items
Info Log  | [HANDLER] GET /items Request Processed Successfully
Info Log  | [HANDLER] [::1]:63839 requested GET to /items
Info Log  | [HANDLER] GET /items Request Processed Successfully
Info Log  | [HANDLER] [::1]:64088 requested GET to /items
Info Log  | [HANDLER] GET /items Request Processed Successfully
Info Log  | [HANDLER] [::1]:64088 requested GET to /items
Info Log  | [HANDLER] GET /items Request Processed Successfully
Info Log  | [HANDLER] [::1]:50489 requested GET to /items
Info Log  | [HANDLER] GET /items Request Processed Successfully
Info Log  | [HANDLER] [::1]:50773 requested GET to /items
Info Log  | [HANDLER] GET /items Request Processed Successfully
App Start | [CONFIG] Successfully Loaded
App Start | [DB] Sucessfully Connected...
App Start | [SERVER] Started on port  :3000
Info Log  | [HANDLER] [::1]:49845 requested GET to /items
Info Log  | [HANDLER] GET /items Request Processed Successfully
Info Log  | [HANDLER] [::1]:50406 requested GET to /items
Info Log  | [HANDLER] GET /items Request Processed Successfully
Info Log  | [HANDLER] [::1]:54576 requested GET to /items
Info Log  | [HANDLER] GET /items Request Processed Successfully
Info Log  | [HANDLER] [::1]:64646 requested GET to /items
Info Log  | [HANDLER] GET /items Request Processed Successfully
Info Log  | [HANDLER] [::1]:59945 requested GET to /items
Info Log  | [HANDLER] GET /items Request Processed Successfully
Info Log  | [HANDLER] [::1]:63677 requested GET to /items
Info Log  | [HANDLER] GET /items Request Processed Successfully
Info Log  | [HANDLER] [::1]:51872 requested GET to /items
Info Log  | [HANDLER] GET /items Request Processed Successfully
Info Log  | [HANDLER] [::1]:58699 requested GET to /items
Info Log  | [HANDLER] GET /items Request Processed Successfully
Info Log  | [HANDLER] [::1]:58974 requested GET to /items
Info Log  | [HANDLER] GET /items Request Processed Successfully
Info Log  | [HANDLER] [::1]:62765 requested GET to /items
Info Log  | [HANDLER] GET /items Request Processed Successfully
Info Log  | [HANDLER] [::1]:55233 requested GET to /items
Info Log  | [HANDLER] GET /items Request Processed Successfully
Info Log  |  [SERVER] Exited Properly
App Start | [CONFIG] Successfully Loaded
App Start | [DB] Sucessfully Connected...
App Start | [SERVER] Started on port  :3000
Info Log  | [HANDLER] [::1]:52212 requested GET to /items
Info Log  | [HANDLER] GET /items Request Processed Successfully
Info Log  | [HANDLER] [::1]:54896 requested GET to /items
Info Log  | [HANDLER] GET /items Request Processed Successfully
Info Log  | [HANDLER] [::1]:55810 requested GET to /items
Info Log  | [HANDLER] GET /items Request Processed Successfully
Info Log  | [HANDLER] [::1]:65522 requested GET to /items
Info Log  | [HANDLER] GET /items Request Processed Successfully
Info Log  | [HANDLER] [::1]:65522 requested GET to /items
Info Log  | [HANDLER] GET /items Request Processed Successfully
Info Log  | [HANDLER] [::1]:65522 requested GET to /items
Info Log  | [HANDLER] GET /items Request Processed Successfully
Info Log  | [HANDLER] [::1]:65522 requested GET to /items
Info Log  | [HANDLER] GET /items Request Processed Successfully
Info Log  | [HANDLER] [::1]:65522 requested GET to /items
Info Log  | [HANDLER] GET /items Request Processed Successfully
Info Log  | [HANDLER] [::1]:65522 requested GET to /items
Info Log  | [HANDLER] GET /items Request Processed Successfully
Info Log  | [HANDLER] [::1]:62046 requested GET to /items
Info Log  | [HANDLER] GET /items Request Processed Successfully
Info Log  | [HANDLER] [::1]:62304 requested GET to /items
Info Log  | [HANDLER] GET /items Request Processed Successfully
Info Log  | [HANDLER] [::1]:49523 requested GET to /items
Info Log  | [HANDLER] GET /items Request Processed Successfully
Info Log  | [HANDLER] [::1]:49523 requested GET to /items
Info Log  | [HANDLER] GET /items Request Processed Successfully
Info Log  | [HANDLER] [::1]:49810 requested GET to /items
Info Log  | [HANDLER] GET /items Request Processed Successfully
Info Log  | [HANDLER] [::1]:49810 requested GET to /items
Info Log  | [HANDLER] GET /items Request Processed Successfully
Info Log  | [HANDLER] [::1]:51265 requested GET to /items
Info Log  | [HANDLER] GET /items Request Processed Successfully
Info Log  | [HANDLER] [::1]:51761 requested GET to /items
Info Log  | [HANDLER] GET /items Request Processed Successfully
Info Log  | [HANDLER] [::1]:54530 requested GET to /items
Info Log  | [HANDLER] GET /items Request Processed Successfully
Info Log  | [HANDLER] [::1]:55360 requested GET to /items
Info Log  | [HANDLER] GET /items Request Processed Successfully
Info Log  | [HANDLER] [::1]:56014 requested GET to /items
Info Log  | [HANDLER] GET /items Request Processed Successfully
Info Log  | [HANDLER] [::1]:56048 requested GET to /items
Info Log  | [HANDLER] GET /items Request Processed Successfully
Info Log  | [HANDLER] [::1]:56332 requested GET to /items
Info Log  | [HANDLER] GET /items Request Processed Successfully
Info Log  | [HANDLER] [::1]:59917 requested GET to /items
Info Log  | [HANDLER] GET /items Request Processed Successfully
Info Log  | [HANDLER] [::1]:60378 requested GET to /items
Info Log  | [HANDLER] GET /items Request Processed Successfully
Info Log  | [HANDLER] [::1]:61541 requested GET to /items
Info Log  | [HANDLER] GET /items Request Processed Successfully
Info Log  | [HANDLER] [::1]:61819 requested GET to /items
Info Log  | [HANDLER] GET /items Request Processed Successfully
Info Log  | [HANDLER] [::1]:62720 requested GET to /items
Info Log  | [HANDLER] GET /items Request Processed Successfully
Info Log  | [HANDLER] [::1]:62720 requested GET to /items
Info Log  | [HANDLER] GET /items Request Processed Successfully
Info Log  | [HANDLER] [::1]:62896 requested GET to /items
Info Log  | [HANDLER] GET /items Request Processed Successfully
Info Log  | [HANDLER] [::1]:62896 requested GET to /items
Info Log  | [HANDLER] GET /items Request Processed Successfully
Info Log  | [HANDLER] [::1]:49906 requested GET to /items
Info Log  | [HANDLER] GET /items Request Processed Successfully
Info Log  | [HANDLER] [::1]:49906 requested GET to /makers
Debug Log |  [DB] sql: expected 5 destination arguments in Scan, not 2
Info Log  | [HANDLER] [::1]:50411 requested GET to /items
Info Log  | [HANDLER] GET /items Request Processed Successfully
Info Log  | [HANDLER] [::1]:50411 requested GET to /makers
Debug Log |  [DB] sql: expected 5 destination arguments in Scan, not 2
Info Log  | [HANDLER] [::1]:50933 requested GET to //makers
Info Log  | [HANDLER] [::1]:50933 requested GET to /makers
Debug Log |  [DB] sql: expected 5 destination arguments in Scan, not 2
App Start | [CONFIG] Successfully Loaded
App Start | [DB] Sucessfully Connected...
App Start | [SERVER] Started on port  :3000
Info Log  | [HANDLER] [::1]:51318 requested GET to //makers
Info Log  | [HANDLER] [::1]:51318 requested GET to /makers
Debug Log |  [DB] pq: relation "maker" does not exist
App Start | [CONFIG] Successfully Loaded
App Start | [DB] Sucessfully Connected...
App Start | [SERVER] Started on port  :3000
Info Log  | [HANDLER] [::1]:51416 requested GET to //makers
Info Log  | [HANDLER] [::1]:51416 requested GET to /makers
Info Log  | [HANDLER] GET /makers Request Processed Successfully
Info Log  | [HANDLER] [::1]:51443 requested GET to /items
Info Log  | [HANDLER] GET /items Request Processed Successfully
Info Log  | [HANDLER] [::1]:51443 requested GET to /makers
Info Log  | [HANDLER] GET /makers Request Processed Successfully
Info Log  | [HANDLER] [::1]:51443 requested GET to /items
Info Log  | [HANDLER] GET /items Request Processed Successfully
Info Log  | [HANDLER] [::1]:51443 requested GET to /makers
Info Log  | [HANDLER] GET /makers Request Processed Successfully
Info Log  | [HANDLER] [::1]:51443 requested GET to /items
Info Log  | [HANDLER] GET /items Request Processed Successfully
Info Log  | [HANDLER] [::1]:51443 requested GET to /makers
Info Log  | [HANDLER] GET /makers Request Processed Successfully
Info Log  | [HANDLER] [::1]:51443 requested GET to /items
Info Log  | [HANDLER] GET /items Request Processed Successfully
Info Log  | [HANDLER] [::1]:51443 requested GET to /makers
Info Log  | [HANDLER] GET /makers Request Processed Successfully
Info Log  | [HANDLER] [::1]:52026 requested GET to /items
Info Log  | [HANDLER] GET /items Request Processed Successfully
Info Log  | [HANDLER] [::1]:52026 requested GET to /makers
Info Log  | [HANDLER] GET /makers Request Processed Successfully
Info Log  | [HANDLER] [::1]:52026 requested GET to /items
Info Log  | [HANDLER] GET /items Request Processed Successfully
Info Log  | [HANDLER] [::1]:52026 requested GET to /makers
Info Log  | [HANDLER] GET /makers Request Processed Successfully
Info Log  | [HANDLER] [::1]:52296 requested GET to /items
Info Log  | [HANDLER] GET /items Request Processed Successfully
Info Log  | [HANDLER] [::1]:52296 requested GET to /makers
Info Log  | [HANDLER] GET /makers Request Processed Successfully
Info Log  | [HANDLER] [::1]:52296 requested GET to /items
Info Log  | [HANDLER] GET /items Request Processed Successfully
Info Log  | [HANDLER] [::1]:52296 requested GET to /makers
Info Log  | [HANDLER] GET /makers Request Processed Successfully
Info Log  | [HANDLER] [::1]:52296 requested GET to /items
Info Log  | [HANDLER] GET /items Request Processed Successfully
Info Log  | [HANDLER] [::1]:52296 requested GET to /makers
Info Log  | [HANDLER] GET /makers Request Processed Successfully
Info Log  | [HANDLER] [::1]:53141 requested GET to /items
Info Log  | [HANDLER] GET /items Request Processed Successfully
Info Log  | [HANDLER] [::1]:53141 requested GET to /makers
Info Log  | [HANDLER] GET /makers Request Processed Successfully
Info Log  | [HANDLER] [::1]:53141 requested GET to /items
Info Log  | [HANDLER] GET /items Request Processed Successfully
Info Log  | [HANDLER] [::1]:53141 requested GET to /makers
Info Log  | [HANDLER] GET /makers Request Processed Successfully
Info Log  | [HANDLER] [::1]:53395 requested GET to /items
Info Log  | [HANDLER] GET /items Request Processed Successfully
Info Log  | [HANDLER] [::1]:53395 requested GET to /makers
Info Log  | [HANDLER] GET /makers Request Processed Successfully
Info Log  | [HANDLER] [::1]:54553 requested GET to /items
Info Log  | [HANDLER] GET /items Request Processed Successfully
Info Log  | [HANDLER] [::1]:54553 requested GET to /makers
Info Log  | [HANDLER] GET /makers Request Processed Successfully
Info Log  | [HANDLER] [::1]:54553 requested GET to /items
Info Log  | [HANDLER] GET /items Request Processed Successfully
Info Log  | [HANDLER] [::1]:54553 requested GET to /makers
Info Log  | [HANDLER] GET /makers Request Processed Successfully
Info Log  | [HANDLER] [::1]:54618 requested GET to /items
Info Log  | [HANDLER] GET /items Request Processed Successfully
Info Log  | [HANDLER] [::1]:54618 requested GET to /makers
Info Log  | [HANDLER] GET /makers Request Processed Successfully
Info Log  | [HANDLER] [::1]:54618 requested GET to /items
Info Log  | [HANDLER] GET /items Request Processed Successfully
Info Log  | [HANDLER] [::1]:54618 requested GET to /makers
Info Log  | [HANDLER] GET /makers Request Processed Successfully
Info Log  | [HANDLER] [::1]:54618 requested GET to /items
Info Log  | [HANDLER] GET /items Request Processed Successfully
Info Log  | [HANDLER] [::1]:54618 requested GET to /makers
Info Log  | [HANDLER] GET /makers Request Processed Successfully
Info Log  | [HANDLER] [::1]:54909 requested GET to /items
Info Log  | [HANDLER] GET /items Request Processed Successfully
Info Log  | [HANDLER] [::1]:54909 requested GET to /makers
Info Log  | [HANDLER] GET /makers Request Processed Successfully
Info Log  | [HANDLER] [::1]:54909 requested GET to /items
Info Log  | [HANDLER] GET /items Request Processed Successfully
Info Log  | [HANDLER] [::1]:54909 requested GET to /makers
Info Log  | [HANDLER] GET /makers Request Processed Successfully
Info Log  | [HANDLER] [::1]:55307 requested GET to /items
Info Log  | [HANDLER] GET /items Request Processed Successfully
Info Log  | [HANDLER] [::1]:55307 requested GET to /makers
Info Log  | [HANDLER] GET /makers Request Processed Successfully
Info Log  | [HANDLER] [::1]:55307 requested GET to /items
Info Log  | [HANDLER] GET /items Request Processed Successfully
Info Log  | [HANDLER] [::1]:55307 requested GET to /makers
Info Log  | [HANDLER] GET /makers Request Processed Successfully
Info Log  | [HANDLER] [::1]:56401 requested GET to /items
Info Log  | [HANDLER] GET /items Request Processed Successfully
Info Log  | [HANDLER] [::1]:56401 requested GET to /makers
Info Log  | [HANDLER] GET /makers Request Processed Successfully
Info Log  | [HANDLER] [::1]:56401 requested GET to /items
Info Log  | [HANDLER] GET /items Request Processed Successfully
Info Log  | [HANDLER] [::1]:56401 requested GET to /makers
Info Log  | [HANDLER] GET /makers Request Processed Successfully
Info Log  | [HANDLER] [::1]:56401 requested GET to /items
Info Log  | [HANDLER] GET /items Request Processed Successfully
Info Log  | [HANDLER] [::1]:56401 requested GET to /makers
Info Log  | [HANDLER] GET /makers Request Processed Successfully
Info Log  | [HANDLER] [::1]:57383 requested GET to /items
Info Log  | [HANDLER] GET /items Request Processed Successfully
Info Log  | [HANDLER] [::1]:57383 requested GET to /makers
Info Log  | [HANDLER] GET /makers Request Processed Successfully
Info Log  | [HANDLER] [::1]:57383 requested GET to /items
Info Log  | [HANDLER] GET /items Request Processed Successfully
Info Log  | [HANDLER] [::1]:57383 requested GET to /makers
Info Log  | [HANDLER] GET /makers Request Processed Successfully
Info Log  | [HANDLER] [::1]:57383 requested GET to /items
Info Log  | [HANDLER] GET /items Request Processed Successfully
Info Log  | [HANDLER] [::1]:57383 requested GET to /makers
Info Log  | [HANDLER] GET /makers Request Processed Successfully
Info Log  | [HANDLER] [::1]:57383 requested GET to /items
Info Log  | [HANDLER] GET /items Request Processed Successfully
Info Log  | [HANDLER] [::1]:57383 requested GET to /makers
Info Log  | [HANDLER] GET /makers Request Processed Successfully
Info Log  | [HANDLER] [::1]:57383 requested GET to /items
Info Log  | [HANDLER] GET /items Request Processed Successfully
Info Log  | [HANDLER] [::1]:57383 requested GET to /makers
Info Log  | [HANDLER] GET /makers Request Processed Successfully
Info Log  | [HANDLER] [::1]:57724 requested GET to /items
Info Log  | [HANDLER] GET /items Request Processed Successfully
Info Log  | [HANDLER] [::1]:57724 requested GET to /makers
Info Log  | [HANDLER] GET /makers Request Processed Successfully
Info Log  | [HANDLER] [::1]:57724 requested GET to /items
Info Log  | [HANDLER] GET /items Request Processed Successfully
Info Log  | [HANDLER] [::1]:57724 requested GET to /makers
Info Log  | [HANDLER] GET /makers Request Processed Successfully
Info Log  | [HANDLER] [::1]:57724 requested GET to /items
Info Log  | [HANDLER] GET /items Request Processed Successfully
Info Log  | [HANDLER] [::1]:57724 requested GET to /makers
Info Log  | [HANDLER] GET /makers Request Processed Successfully
Info Log  | [HANDLER] [::1]:62411 requested GET to /items
Info Log  | [HANDLER] GET /items Request Processed Successfully
Info Log  | [HANDLER] [::1]:62411 requested GET to /makers
Info Log  | [HANDLER] GET /makers Request Processed Successfully
Info Log  | [HANDLER] [::1]:62753 requested GET to /items
Info Log  | [HANDLER] GET /items Request Processed Successfully
Info Log  | [HANDLER] [::1]:62753 requested GET to /makers
Info Log  | [HANDLER] GET /makers Request Processed Successfully
Info Log  | [HANDLER] [::1]:63100 requested GET to /items
Info Log  | [HANDLER] GET /items Request Processed Successfully
Info Log  | [HANDLER] [::1]:63100 requested GET to /makers
Info Log  | [HANDLER] GET /makers Request Processed Successfully
Info Log  | [HANDLER] [::1]:63100 requested GET to /items
Info Log  | [HANDLER] GET /items Request Processed Successfully
Info Log  | [HANDLER] [::1]:63100 requested GET to /makers
Info Log  | [HANDLER] GET /makers Request Processed Successfully
Info Log  | [HANDLER] [::1]:63871 requested GET to /items
Info Log  | [HANDLER] GET /items Request Processed Successfully
Info Log  | [HANDLER] [::1]:63871 requested GET to /makers
Info Log  | [HANDLER] GET /makers Request Processed Successfully
Info Log  | [HANDLER] [::1]:65321 requested GET to /items
Info Log  | [HANDLER] GET /items Request Processed Successfully
Info Log  | [HANDLER] [::1]:65321 requested GET to /makers
Info Log  | [HANDLER] GET /makers Request Processed Successfully
Info Log  | [HANDLER] [::1]:65487 requested GET to /items
Info Log  | [HANDLER] GET /items Request Processed Successfully
Info Log  | [HANDLER] [::1]:65487 requested GET to /makers
Info Log  | [HANDLER] GET /makers Request Processed Successfully
Info Log  | [HANDLER] [::1]:50827 requested GET to /items
Info Log  | [HANDLER] GET /items Request Processed Successfully
Info Log  | [HANDLER] [::1]:50827 requested GET to /makers
Info Log  | [HANDLER] GET /makers Request Processed Successfully
Info Log  | [HANDLER] [::1]:51103 requested GET to /items
Info Log  | [HANDLER] GET /items Request Processed Successfully
Info Log  | [HANDLER] [::1]:51103 requested GET to /makers
Info Log  | [HANDLER] GET /makers Request Processed Successfully
Info Log  | [HANDLER] [::1]:52707 requested GET to /items
Info Log  | [HANDLER] GET /items Request Processed Successfully
Info Log  | [HANDLER] [::1]:52707 requested GET to /makers
Info Log  | [HANDLER] GET /makers Request Processed Successfully
Info Log  | [HANDLER] [::1]:52935 requested GET to /items
Info Log  | [HANDLER] GET /items Request Processed Successfully
Info Log  | [HANDLER] [::1]:52935 requested GET to /makers
Info Log  | [HANDLER] GET /makers Request Processed Successfully
Info Log  | [HANDLER] [::1]:53335 requested GET to /items
Info Log  | [HANDLER] GET /items Request Processed Successfully
Info Log  | [HANDLER] [::1]:53335 requested GET to /makers
Info Log  | [HANDLER] GET /makers Request Processed Successfully
Info Log  | [HANDLER] [::1]:57297 requested GET to /items
Info Log  | [HANDLER] GET /items Request Processed Successfully
Info Log  | [HANDLER] [::1]:57297 requested GET to /makers
Info Log  | [HANDLER] GET /makers Request Processed Successfully
Info Log  | [HANDLER] [::1]:57297 requested GET to /items
Info Log  | [HANDLER] GET /items Request Processed Successfully
Info Log  | [HANDLER] [::1]:57297 requested GET to /makers
Info Log  | [HANDLER] GET /makers Request Processed Successfully
Info Log  | [HANDLER] [::1]:57609 requested GET to /items
Info Log  | [HANDLER] GET /items Request Processed Successfully
Info Log  | [HANDLER] [::1]:57609 requested GET to /makers
Info Log  | [HANDLER] GET /makers Request Processed Successfully
Info Log  | [HANDLER] [::1]:58683 requested GET to /items
Info Log  | [HANDLER] GET /items Request Processed Successfully
Info Log  | [HANDLER] [::1]:58683 requested GET to /makers
Info Log  | [HANDLER] GET /makers Request Processed Successfully
Info Log  | [HANDLER] [::1]:58683 requested GET to /items
Info Log  | [HANDLER] GET /items Request Processed Successfully
Info Log  | [HANDLER] [::1]:58683 requested GET to /makers
Info Log  | [HANDLER] GET /makers Request Processed Successfully
Info Log  | [HANDLER] [::1]:59897 requested GET to /items
Info Log  | [HANDLER] GET /items Request Processed Successfully
Info Log  | [HANDLER] [::1]:59897 requested GET to /makers
Info Log  | [HANDLER] GET /makers Request Processed Successfully
Info Log  | [HANDLER] [::1]:49186 requested GET to /items
Info Log  | [HANDLER] GET /items Request Processed Successfully
Info Log  | [HANDLER] [::1]:49186 requested GET to /makers
Info Log  | [HANDLER] GET /makers Request Processed Successfully
Info Log  | [HANDLER] [::1]:54575 requested GET to /items
Info Log  | [HANDLER] GET /items Request Processed Successfully
Info Log  | [HANDLER] [::1]:54575 requested GET to /makers
Info Log  | [HANDLER] GET /makers Request Processed Successfully
Info Log  | [HANDLER] [::1]:56909 requested GET to /items
Info Log  | [HANDLER] GET /items Request Processed Successfully
Info Log  | [HANDLER] [::1]:56909 requested GET to /makers
Info Log  | [HANDLER] GET /makers Request Processed Successfully
Info Log  | [HANDLER] [::1]:58988 requested GET to /items
Info Log  | [HANDLER] GET /items Request Processed Successfully
Info Log  | [HANDLER] [::1]:58988 requested GET to /makers
Info Log  | [HANDLER] GET /makers Request Processed Successfully
Info Log  | [HANDLER] [::1]:64221 requested GET to /items
Info Log  | [HANDLER] GET /items Request Processed Successfully
Info Log  | [HANDLER] [::1]:64221 requested GET to /makers
Info Log  | [HANDLER] GET /makers Request Processed Successfully
Info Log  | [HANDLER] [::1]:64221 requested GET to /items
Info Log  | [HANDLER] GET /items Request Processed Successfully
Info Log  | [HANDLER] [::1]:64221 requested GET to /makers
Info Log  | [HANDLER] GET /makers Request Processed Successfully
App Start | [CONFIG] Successfully Loaded
App Start | [DB] Sucessfully Connected...
App Start | [SERVER] Started on port  :3000
Info Log  |  [SERVER] Exited Properly
App Start | [CONFIG] Successfully Loaded
App Start | [DB] Sucessfully Connected...
App Start | [SERVER] Started on port  :3000
Info Log  | [HANDLER] [::1]:55447 requested GET to /items
Info Log  | [HANDLER] GET /items Request Processed Successfully
Info Log  |  [SERVER] Exited Properly
App Start | [CONFIG] Successfully Loaded
App Start | [DB] Sucessfully Connected...
App Start | [SERVER] Started on port  :3000
Info Log  | [HANDLER] [::1]:50509 requested GET to /makers
Info Log  | [HANDLER] [::1]:50508 requested GET to /items
Info Log  | [HANDLER] GET /makers Request Processed Successfully
Info Log  | [HANDLER] GET /items Request Processed Successfully
Info Log  | [HANDLER] [::1]:51441 requested GET to /items
Info Log  | [HANDLER] [::1]:51442 requested GET to /makers
Info Log  | [HANDLER] GET /items Request Processed Successfully
Info Log  | [HANDLER] GET /makers Request Processed Successfully
Info Log  | [HANDLER] [::1]:51713 requested GET to /items
Info Log  | [HANDLER] [::1]:51714 requested GET to /makers
Info Log  | [HANDLER] GET /items Request Processed Successfully
Info Log  | [HANDLER] GET /makers Request Processed Successfully
Info Log  | [HANDLER] [::1]:51714 requested GET to /items
Info Log  | [HANDLER] [::1]:51713 requested GET to /makers
Info Log  | [HANDLER] GET /items Request Processed Successfully
Info Log  | [HANDLER] GET /makers Request Processed Successfully
Info Log  | [HANDLER] [::1]:51713 requested GET to /items
Info Log  | [HANDLER] [::1]:51714 requested GET to /makers
Info Log  | [HANDLER] GET /items Request Processed Successfully
Info Log  | [HANDLER] GET /makers Request Processed Successfully
Info Log  | [HANDLER] [::1]:51714 requested GET to /items
Info Log  | [HANDLER] [::1]:51713 requested GET to /makers
Info Log  | [HANDLER] GET /items Request Processed Successfully
Info Log  | [HANDLER] GET /makers Request Processed Successfully
Info Log  | [HANDLER] [::1]:52949 requested GET to /items
Info Log  | [HANDLER] [::1]:52950 requested GET to /makers
Info Log  | [HANDLER] GET /items Request Processed Successfully
Info Log  | [HANDLER] GET /makers Request Processed Successfully
Info Log  | [HANDLER] [::1]:53269 requested GET to /items
Info Log  | [HANDLER] [::1]:53270 requested GET to /makers
Info Log  | [HANDLER] GET /items Request Processed Successfully
Info Log  | [HANDLER] GET /makers Request Processed Successfully
Info Log  | [HANDLER] [::1]:53760 requested GET to /items
Info Log  | [HANDLER] [::1]:53761 requested GET to /makers
Info Log  | [HANDLER] GET /items Request Processed Successfully
Info Log  | [HANDLER] GET /makers Request Processed Successfully
Info Log  | [HANDLER] [::1]:53761 requested GET to /items
Info Log  | [HANDLER] [::1]:53760 requested GET to /makers
Info Log  | [HANDLER] GET /items Request Processed Successfully
Info Log  | [HANDLER] GET /makers Request Processed Successfully
Info Log  | [HANDLER] [::1]:54943 requested GET to /items
Info Log  | [HANDLER] [::1]:54944 requested GET to /makers
Info Log  | [HANDLER] GET /items Request Processed Successfully
Info Log  | [HANDLER] GET /makers Request Processed Successfully
Info Log  | [HANDLER] [::1]:54944 requested GET to /items
Info Log  | [HANDLER] [::1]:54943 requested GET to /makers
Info Log  | [HANDLER] GET /items Request Processed Successfully
Info Log  | [HANDLER] GET /makers Request Processed Successfully
Info Log  |  [SERVER] Exited Properly
App Start | [CONFIG] Successfully Loaded
App Start | [DB] Sucessfully Connected...
App Start | [SERVER] Started on port  :3000
Info Log  | [HANDLER] [::1]:50635 requested GET to /makers
Info Log  | [HANDLER] [::1]:50634 requested GET to /items
Info Log  | [HANDLER] GET /makers Request Processed Successfully
Info Log  | [HANDLER] GET /items Request Processed Successfully
Info Log  | [HANDLER] [::1]:58023 requested GET to /makers
Info Log  | [HANDLER] [::1]:58022 requested GET to /items
Info Log  | [HANDLER] GET /makers Request Processed Successfully
Info Log  | [HANDLER] GET /items Request Processed Successfully
Info Log  | [HANDLER] [::1]:59138 requested GET to /items
Info Log  | [HANDLER] [::1]:59139 requested GET to /makers
Info Log  | [HANDLER] GET /items Request Processed Successfully
Info Log  | [HANDLER] GET /makers Request Processed Successfully
Info Log  | [HANDLER] [::1]:59409 requested GET to /items
Info Log  | [HANDLER] [::1]:59410 requested GET to /makers
Info Log  | [HANDLER] GET /makers Request Processed Successfully
Info Log  | [HANDLER] GET /items Request Processed Successfully
Info Log  | [HANDLER] [::1]:59409 requested GET to /items
Info Log  | [HANDLER] [::1]:59410 requested GET to /makers
Info Log  | [HANDLER] GET /items Request Processed Successfully
Info Log  | [HANDLER] GET /makers Request Processed Successfully
Info Log  | [HANDLER] [::1]:59410 requested GET to /items
Info Log  | [HANDLER] [::1]:59409 requested GET to /makers
Info Log  | [HANDLER] GET /items Request Processed Successfully
Info Log  | [HANDLER] GET /makers Request Processed Successfully
App Start | [CONFIG] Successfully Loaded
App Start | [DB] Sucessfully Connected...
App Start | [SERVER] Started on port  :3000
Info Log  | [HANDLER] [::1]:61636 requested GET to /items
Info Log  | [HANDLER] [::1]:61637 requested GET to /makers
Info Log  | [HANDLER] GET /items Request Processed Successfully
Info Log  | [HANDLER] GET /makers Request Processed Successfully
Info Log  | [HANDLER] [::1]:61958 requested GET to /items
Info Log  | [HANDLER] [::1]:61959 requested GET to /makers
Info Log  | [HANDLER] GET /items Request Processed Successfully
Info Log  | [HANDLER] GET /makers Request Processed Successfully
Info Log  | [HANDLER] [::1]:61959 requested GET to /items
Info Log  | [HANDLER] [::1]:61958 requested GET to /makers
Info Log  | [HANDLER] GET /items Request Processed Successfully
Info Log  | [HANDLER] GET /makers Request Processed Successfully
Info Log  | [HANDLER] [::1]:63386 requested GET to /items
Info Log  | [HANDLER] [::1]:63387 requested GET to /makers
Info Log  | [HANDLER] GET /items Request Processed Successfully
Info Log  | [HANDLER] GET /makers Request Processed Successfully
Info Log  | [HANDLER] [::1]:63387 requested GET to /items
Info Log  | [HANDLER] [::1]:63386 requested GET to /makers
Info Log  | [HANDLER] GET /items Request Processed Successfully
Info Log  | [HANDLER] GET /makers Request Processed Successfully
Info Log  | [HANDLER] [::1]:64313 requested GET to /items
Info Log  | [HANDLER] [::1]:64314 requested GET to /makers
Info Log  | [HANDLER] GET /items Request Processed Successfully
Info Log  | [HANDLER] GET /makers Request Processed Successfully
Info Log  | [HANDLER] [::1]:64733 requested GET to /items
Info Log  | [HANDLER] [::1]:64734 requested GET to /makers
Info Log  | [HANDLER] GET /items Request Processed Successfully
Info Log  | [HANDLER] GET /makers Request Processed Successfully
Info Log  | [HANDLER] [::1]:65528 requested GET to /items
Info Log  | [HANDLER] [::1]:65529 requested GET to /makers
Info Log  | [HANDLER] GET /items Request Processed Successfully
Info Log  | [HANDLER] GET /makers Request Processed Successfully
Info Log  | [HANDLER] [::1]:65528 requested GET to /makers
Info Log  | [HANDLER] [::1]:65529 requested GET to /items
Info Log  | [HANDLER] GET /makers Request Processed Successfully
Info Log  | [HANDLER] GET /items Request Processed Successfully
Info Log  | [HANDLER] [::1]:49578 requested GET to /items
Info Log  | [HANDLER] [::1]:49579 requested GET to /makers
Info Log  | [HANDLER] GET /items Request Processed Successfully
Info Log  | [HANDLER] GET /makers Request Processed Successfully
Info Log  | [HANDLER] [::1]:50298 requested GET to /makers
Info Log  | [HANDLER] [::1]:50297 requested GET to /items
Info Log  | [HANDLER] GET /makers Request Processed Successfully
Info Log  | [HANDLER] GET /items Request Processed Successfully
Info Log  | [HANDLER] [::1]:50663 requested GET to /items
Info Log  | [HANDLER] [::1]:50664 requested GET to /makers
Info Log  | [HANDLER] GET /items Request Processed Successfully
Info Log  | [HANDLER] GET /makers Request Processed Successfully
Info Log  | [HANDLER] [::1]:51506 requested GET to /items
Info Log  | [HANDLER] [::1]:51507 requested GET to /makers
Info Log  | [HANDLER] GET /items Request Processed Successfully
Info Log  | [HANDLER] GET /makers Request Processed Successfully
Info Log  | [HANDLER] [::1]:53151 requested GET to /items
Info Log  | [HANDLER] [::1]:53152 requested GET to /makers
Info Log  | [HANDLER] GET /items Request Processed Successfully
Info Log  | [HANDLER] GET /makers Request Processed Successfully
Info Log  | [HANDLER] [::1]:55625 requested GET to /items
Info Log  | [HANDLER] [::1]:55626 requested GET to /makers
Info Log  | [HANDLER] GET /items Request Processed Successfully
Info Log  | [HANDLER] GET /makers Request Processed Successfully
Info Log  | [HANDLER] [::1]:56074 requested GET to /items
Info Log  | [HANDLER] [::1]:56075 requested GET to /makers
Info Log  | [HANDLER] GET /items Request Processed Successfully
Info Log  | [HANDLER] GET /makers Request Processed Successfully
Info Log  | [HANDLER] [::1]:56075 requested GET to /items
Info Log  | [HANDLER] [::1]:56074 requested GET to /makers
Info Log  | [HANDLER] GET /items Request Processed Successfully
Info Log  | [HANDLER] GET /makers Request Processed Successfully
Info Log  | [HANDLER] [::1]:56939 requested GET to /items
Info Log  | [HANDLER] [::1]:56940 requested GET to /makers
Info Log  | [HANDLER] GET /items Request Processed Successfully
Info Log  | [HANDLER] GET /makers Request Processed Successfully
Info Log  | [HANDLER] [::1]:56939 requested GET to /makers
Info Log  | [HANDLER] [::1]:56940 requested GET to /items
Info Log  | [HANDLER] GET /makers Request Processed Successfully
Info Log  | [HANDLER] GET /items Request Processed Successfully
Info Log  | [HANDLER] [::1]:57363 requested GET to /items
Info Log  | [HANDLER] [::1]:57364 requested GET to /makers
Info Log  | [HANDLER] GET /items Request Processed Successfully
Info Log  | [HANDLER] GET /makers Request Processed Successfully
Info Log  | [HANDLER] [::1]:59114 requested GET to /items
Info Log  | [HANDLER] [::1]:59115 requested GET to /makers
Info Log  | [HANDLER] GET /items Request Processed Successfully
Info Log  | [HANDLER] GET /makers Request Processed Successfully
